0 info it worked if it ends with ok
1 verbose cli [ '/usr/bin/node', '/usr/bin/npm', 'run', 'build' ]
2 info using npm@4.0.2
3 info using node@v7.2.0
4 verbose run-script [ 'prebuild', 'build', 'postbuild' ]
5 info lifecycle vuejs-blog-boostrap-ajax@~prebuild: vuejs-blog-boostrap-ajax@
6 silly lifecycle vuejs-blog-boostrap-ajax@~prebuild: no script for prebuild, continuing
7 info lifecycle vuejs-blog-boostrap-ajax@~build: vuejs-blog-boostrap-ajax@
8 verbose lifecycle vuejs-blog-boostrap-ajax@~build: unsafe-perm in lifecycle true
9 verbose lifecycle vuejs-blog-boostrap-ajax@~build: PATH: /usr/lib/node_modules/npm/bin/node-gyp-bin:/home/korolr/Рабочий стол/vuejs-blog-boostrap-ajax/node_modules/.bin:/usr/local/sbin:/usr/local/bin:/usr/bin:/usr/lib/jvm/default/bin:/usr/bin/site_perl:/usr/bin/vendor_perl:/usr/bin/core_perl
10 verbose lifecycle vuejs-blog-boostrap-ajax@~build: CWD: /home/korolr/Рабочий стол/vuejs-blog-boostrap-ajax
11 silly lifecycle vuejs-blog-boostrap-ajax@~build: Args: [ '-c', 'cross-env NODE_ENV=production webpack' ]
12 silly lifecycle vuejs-blog-boostrap-ajax@~build: Returned: code: 2  signal: null
13 info lifecycle vuejs-blog-boostrap-ajax@~build: Failed to exec build script
14 verbose stack Error: vuejs-blog-boostrap-ajax@ build: `cross-env NODE_ENV=production webpack`
14 verbose stack Exit status 2
14 verbose stack     at EventEmitter.<anonymous> (/usr/lib/node_modules/npm/lib/utils/lifecycle.js:279:16)
14 verbose stack     at emitTwo (events.js:106:13)
14 verbose stack     at EventEmitter.emit (events.js:191:7)
14 verbose stack     at ChildProcess.<anonymous> (/usr/lib/node_modules/npm/lib/utils/spawn.js:40:14)
14 verbose stack     at emitTwo (events.js:106:13)
14 verbose stack     at ChildProcess.emit (events.js:191:7)
14 verbose stack     at maybeClose (internal/child_process.js:885:16)
14 verbose stack     at Process.ChildProcess._handle.onexit (internal/child_process.js:226:5)
15 verbose pkgid vuejs-blog-boostrap-ajax@
16 verbose cwd /home/korolr/Рабочий стол/vuejs-blog-boostrap-ajax
17 error Linux 4.4.33-1-MANJARO
18 error argv "/usr/bin/node" "/usr/bin/npm" "run" "build"
19 error node v7.2.0
20 error npm  v4.0.2
21 error code ELIFECYCLE
22 error vuejs-blog-boostrap-ajax@ build: `cross-env NODE_ENV=production webpack`
22 error Exit status 2
23 error Failed at the vuejs-blog-boostrap-ajax@ build script 'cross-env NODE_ENV=production webpack'.
23 error Make sure you have the latest version of node.js and npm installed.
23 error If you do, this is most likely a problem with the vuejs-blog-boostrap-ajax package,
23 error not with npm itself.
23 error Tell the author that this fails on your system:
23 error     cross-env NODE_ENV=production webpack
23 error You can get information on how to open an issue for this project with:
23 error     npm bugs vuejs-blog-boostrap-ajax
23 error Or if that isn't available, you can get their info via:
23 error     npm owner ls vuejs-blog-boostrap-ajax
23 error There is likely additional logging output above.
24 verbose exit [ 1, true ]
